../hangman.c: In function ‘hangman_menu’:
../hangman.c:16:8: warning: implicit declaration of function ‘userInputS’ [-Wimplicit-function-declaration]
  day = userInputS(0, "파일명(일차) : ", 1);
        ^~~~~~~~~~
../hangman.c:16:6: warning: assignment makes pointer from integer without a cast [-Wint-conversion]
  day = userInputS(0, "파일명(일차) : ", 1);
      ^
../hangman.c: In function ‘hangman’:
../hangman.c:32:12: warning: initialization makes integer from pointer without a cast [-Wint-conversion]
  char day =now->id;
            ^~~
../hangman.c:45:13: warning: passing argument 1 of ‘strlen’ from incompatible pointer type [-Wincompatible-pointer-types]
  len=strlen(word);
             ^~~~
In file included from /usr/include/stdio.h:29:0,
                 from ../SSUpreme.h:1:
/usr/include/string.h:41:9: note: expected ‘const char *’ but argument is of type ‘Word * {aka struct word *}’
 size_t  _EXFUN(strlen,(const char *));
         ^
../hangman.c:63:3: warning: implicit declaration of function ‘gotoxy’ [-Wimplicit-function-declaration]
   gotoxy(0,20);
   ^~~~~~
../hangman.c:64:12: warning: assignment makes pointer from integer without a cast [-Wint-conversion]
   userinput=userInputS(1,"입력 : ", 1);
            ^
../hangman.c:87:22: warning: implicit declaration of function ‘getch’ [-Wimplicit-function-declaration]
    while( ( breakC = getch() ) != 'q' && breakC != 'Q' ) ;
                      ^~~~~
../kijeong.c: In function ‘menu’:
../kijeong.c:48:12: warning: implicit declaration of function ‘userInputN’ [-Wimplicit-function-declaration]
   choice = userInputN("번호를 입력하세요 : ", 1);
            ^~~~~~~~~~
../kijeong.c:70:23: warning: implicit declaration of function ‘getch’ [-Wimplicit-function-declaration]
     while( ( breakC = getch() ) != 'q' && breakC != 'Q' );
                       ^~~~~
../kijeong.c: In function ‘makeDic’:
../kijeong.c:97:2: warning: implicit declaration of function ‘addWbList’ [-Wimplicit-function-declaration]
  addWbList(Wbnew);
  ^~~~~~~~~
../kijeong.c:98:2: warning: implicit declaration of function ‘writeWbFILE’ [-Wimplicit-function-declaration]
  writeWbFILE(Wbnew);
  ^~~~~~~~~~~
../machugi.c: In function ‘machugi_menu’:
../machugi.c:19:8: warning: implicit declaration of function ‘userInputS’ [-Wimplicit-function-declaration]
  day = userInputS(0, "파일명(일차) : ", 1);
        ^~~~~~~~~~
../machugi.c:19:6: warning: assignment makes pointer from integer without a cast [-Wint-conversion]
  day = userInputS(0, "파일명(일차) : ", 1);
      ^
../machugi.c:37:7: warning: implicit declaration of function ‘userInputN’ [-Wimplicit-function-declaration]
  type=userInputN("출력방식(알파벳  순서대로:1, 무작위:2)", 1);
       ^~~~~~~~~~
../machugi.c: In function ‘machugi’:
../machugi.c:49:11: warning: implicit declaration of function ‘WListLen’ [-Wimplicit-function-declaration]
  int len= WListLen(now->id);
           ^~~~~~~~
../machugi.c:55:9: warning: implicit declaration of function ‘time’ [-Wimplicit-function-declaration]
   srand(time(NULL));
         ^~~~
../machugi.c:77:6: warning: assignment makes pointer from integer without a cast [-Wint-conversion]
   ans=userInputS(0,"", 1);
      ^
../machugi.c:81:11: warning: implicit declaration of function ‘getch’ [-Wimplicit-function-declaration]
    while( getch() != '\n' ) ;
           ^~~~~
